# JRE version: OpenJDK Runtime Environment (8.0_242-b01) (build 1.8.0_242-release-1644-b01)
# Java VM: OpenJDK 64-Bit Server VM (25.242-b01 mixed mode windows-amd64 compressed oops)
Heap:
 PSYoungGen      total 541184K, used 311847K [0x00000000d5580000, 0x00000000fd400000, 0x0000000100000000)
  eden space 433152K, 70% used [0x00000000d5580000,0x00000000e7e73088,0x00000000efc80000)
  from space 108032K, 7% used [0x00000000efc80000,0x00000000f0416bc8,0x00000000f6600000)
  to   space 108032K, 0% used [0x00000000f6600000,0x00000000f6600000,0x00000000fcf80000)
 ParOldGen       total 561664K, used 247090K [0x0000000080000000, 0x00000000a2480000, 0x00000000d5580000)
  object space 561664K, 43% used [0x0000000080000000,0x000000008f14cb68,0x00000000a2480000)
 Metaspace       used 244502K, capacity 260496K, committed 266944K, reserved 1280000K
  class space    used 31492K, capacity 34405K, committed 36480K, reserved 1048576K
GC Heap History (10 events):
Event: 14129.870 GC heap before
{Heap before GC invocations=91 (full 6):
 PSYoungGen      total 541184K, used 494170K [0x00000000d5580000, 0x00000000fd400000, 0x0000000100000000)
  eden space 433152K, 100% used [0x00000000d5580000,0x00000000efc80000,0x00000000efc80000)
  from space 108032K, 56% used [0x00000000f6600000,0x00000000fa196800,0x00000000fcf80000)
  to   space 108032K, 0% used [0x00000000efc80000,0x00000000efc80000,0x00000000f6600000)
 ParOldGen       total 561664K, used 181727K [0x0000000080000000, 0x00000000a2480000, 0x00000000d5580000)
  object space 561664K, 32% used [0x0000000080000000,0x000000008b177d20,0x00000000a2480000)
 Metaspace       used 244018K, capacity 260044K, committed 266944K, reserved 1280000K
  class space    used 31490K, capacity 34403K, committed 36480K, reserved 1048576K
Event: 14130.094 GC heap after
Heap after GC invocations=91 (full 6):
 PSYoungGen      total 541184K, used 19519K [0x00000000d5580000, 0x00000000fd400000, 0x0000000100000000)
  eden space 433152K, 0% used [0x00000000d5580000,0x00000000d5580000,0x00000000efc80000)
  from space 108032K, 18% used [0x00000000efc80000,0x00000000f0f8fce8,0x00000000f6600000)
  to   space 108032K, 0% used [0x00000000f6600000,0x00000000f6600000,0x00000000fcf80000)
 ParOldGen       total 561664K, used 219410K [0x0000000080000000, 0x00000000a2480000, 0x00000000d5580000)
  object space 561664K, 39% used [0x0000000080000000,0x000000008d644ae0,0x00000000a2480000)
 Metaspace       used 244018K, capacity 260044K, committed 266944K, reserved 1280000K
  class space    used 31490K, capacity 34403K, committed 36480K, reserved 1048576K
}
Event: 14130.653 GC heap before
{Heap before GC invocations=92 (full 6):
 PSYoungGen      total 541184K, used 452671K [0x00000000d5580000, 0x00000000fd400000, 0x0000000100000000)
  eden space 433152K, 100% used [0x00000000d5580000,0x00000000efc80000,0x00000000efc80000)
  from space 108032K, 18% used [0x00000000efc80000,0x00000000f0f8fce8,0x00000000f6600000)
  to   space 108032K, 0% used [0x00000000f6600000,0x00000000f6600000,0x00000000fcf80000)
 ParOldGen       total 561664K, used 219410K [0x0000000080000000, 0x00000000a2480000, 0x00000000d5580000)
  object space 561664K, 39% used [0x0000000080000000,0x000000008d644ae0,0x00000000a2480000)
 Metaspace       used 244237K, capacity 260252K, committed 266944K, reserved 1280000K
  class space    used 31491K, capacity 34403K, committed 36480K, reserved 1048576K
Event: 14130.776 GC heap after
Heap after GC invocations=92 (full 6):
 PSYoungGen      total 541184K, used 13808K [0x00000000d5580000, 0x00000000fd400000, 0x0000000100000000)
  eden space 433152K, 0% used [0x00000000d5580000,0x00000000d5580000,0x00000000efc80000)
  from space 108032K, 12% used [0x00000000f6600000,0x00000000f737c2e8,0x00000000fcf80000)
  to   space 108032K, 0% used [0x00000000efc80000,0x00000000efc80000,0x00000000f6600000)
 ParOldGen       total 561664K, used 227138K [0x0000000080000000, 0x00000000a2480000, 0x00000000d5580000)
  object space 561664K, 40% used [0x0000000080000000,0x000000008ddd0810,0x00000000a2480000)
 Metaspace       used 244237K, capacity 260252K, committed 266944K, reserved 1280000K
  class space    used 31491K, capacity 34403K, committed 36480K, reserved 1048576K
}
Event: 14131.375 GC heap before
{Heap before GC invocations=93 (full 6):
 PSYoungGen      total 541184K, used 446960K [0x00000000d5580000, 0x00000000fd400000, 0x0000000100000000)
  eden space 433152K, 100% used [0x00000000d5580000,0x00000000efc80000,0x00000000efc80000)
  from space 108032K, 12% used [0x00000000f6600000,0x00000000f737c2e8,0x00000000fcf80000)
  to   space 108032K, 0% used [0x00000000efc80000,0x00000000efc80000,0x00000000f6600000)
 ParOldGen       total 561664K, used 227138K [0x0000000080000000, 0x00000000a2480000, 0x00000000d5580000)
  object space 561664K, 40% used [0x0000000080000000,0x000000008ddd0810,0x00000000a2480000)
 Metaspace       used 244416K, capacity 260406K, committed 266944K, reserved 1280000K
  class space    used 31492K, capacity 34404K, committed 36480K, reserved 1048576K
Event: 14131.417 GC heap after
Heap after GC invocations=93 (full 6):
 PSYoungGen      total 541184K, used 13284K [0x00000000d5580000, 0x00000000fd400000, 0x0000000100000000)
  eden space 433152K, 0% used [0x00000000d5580000,0x00000000d5580000,0x00000000efc80000)
  from space 108032K, 12% used [0x00000000efc80000,0x00000000f0979040,0x00000000f6600000)
  to   space 108032K, 0% used [0x00000000f6600000,0x00000000f6600000,0x00000000fcf80000)
 ParOldGen       total 561664K, used 232002K [0x0000000080000000, 0x00000000a2480000, 0x00000000d5580000)
  object space 561664K, 41% used [0x0000000080000000,0x000000008e290a38,0x00000000a2480000)
 Metaspace       used 244416K, capacity 260406K, committed 266944K, reserved 1280000K
  class space    used 31492K, capacity 34404K, committed 36480K, reserved 1048576K
}
Event: 14131.796 GC heap before
{Heap before GC invocations=94 (full 6):
 PSYoungGen      total 541184K, used 446436K [0x00000000d5580000, 0x00000000fd400000, 0x0000000100000000)
  eden space 433152K, 100% used [0x00000000d5580000,0x00000000efc80000,0x00000000efc80000)
  from space 108032K, 12% used [0x00000000efc80000,0x00000000f0979040,0x00000000f6600000)
  to   space 108032K, 0% used [0x00000000f6600000,0x00000000f6600000,0x00000000fcf80000)
 ParOldGen       total 561664K, used 232002K [0x0000000080000000, 0x00000000a2480000, 0x00000000d5580000)
  object space 561664K, 41% used [0x0000000080000000,0x000000008e290a38,0x00000000a2480000)
 Metaspace       used 244440K, capacity 260474K, committed 266944K, reserved 1280000K
  class space    used 31492K, capacity 34404K, committed 36480K, reserved 1048576K
Event: 14131.871 GC heap after
Heap after GC invocations=94 (full 6):
 PSYoungGen      total 541184K, used 5504K [0x00000000d5580000, 0x00000000fd400000, 0x0000000100000000)
  eden space 433152K, 0% used [0x00000000d5580000,0x00000000d5580000,0x00000000efc80000)
  from space 108032K, 5% used [0x00000000f6600000,0x00000000f6b60000,0x00000000fcf80000)
  to   space 108032K, 0% used [0x00000000efc80000,0x00000000efc80000,0x00000000f6600000)
 ParOldGen       total 561664K, used 243288K [0x0000000080000000, 0x00000000a2480000, 0x00000000d5580000)
  object space 561664K, 43% used [0x0000000080000000,0x000000008ed96158,0x00000000a2480000)
 Metaspace       used 244440K, capacity 260474K, committed 266944K, reserved 1280000K
  class space    used 31492K, capacity 34404K, committed 36480K, reserved 1048576K
}
Event: 14132.204 GC heap before
{Heap before GC invocations=95 (full 6):
 PSYoungGen      total 541184K, used 438656K [0x00000000d5580000, 0x00000000fd400000, 0x0000000100000000)
  eden space 433152K, 100% used [0x00000000d5580000,0x00000000efc80000,0x00000000efc80000)
  from space 108032K, 5% used [0x00000000f6600000,0x00000000f6b60000,0x00000000fcf80000)
  to   space 108032K, 0% used [0x00000000efc80000,0x00000000efc80000,0x00000000f6600000)
 ParOldGen       total 561664K, used 243288K [0x0000000080000000, 0x00000000a2480000, 0x00000000d5580000)
  object space 561664K, 43% used [0x0000000080000000,0x000000008ed96158,0x00000000a2480000)
 Metaspace       used 244476K, capacity 260488K, committed 266944K, reserved 1280000K
  class space    used 31492K, capacity 34405K, committed 36480K, reserved 1048576K
Event: 14132.237 GC heap after
Heap after GC invocations=95 (full 6):
 PSYoungGen      total 541184K, used 7770K [0x00000000d5580000, 0x00000000fd400000, 0x0000000100000000)
  eden space 433152K, 0% used [0x00000000d5580000,0x00000000d5580000,0x00000000efc80000)
  from space 108032K, 7% used [0x00000000efc80000,0x00000000f0416bc8,0x00000000f6600000)
  to   space 108032K, 0% used [0x00000000f6600000,0x00000000f6600000,0x00000000fcf80000)
 ParOldGen       total 561664K, used 247090K [0x0000000080000000, 0x00000000a2480000, 0x00000000d5580000)
  object space 561664K, 43% used [0x0000000080000000,0x000000008f14cb68,0x00000000a2480000)
 Metaspace       used 244476K, capacity 260488K, committed 266944K, reserved 1280000K
  class space    used 31492K, capacity 34405K, committed 36480K, reserved 1048576K
}

